0 info it worked if it ends with ok
1 verbose cli [ '/usr/bin/node', '/usr/bin/npm', 'publish', '--dry-run' ]
2 info using npm@3.5.2
3 info using node@v8.10.0
4 verbose publish [ '.' ]
5 silly cache add args [ '.', null ]
6 verbose cache add spec .
7 silly cache add parsed spec Result {
7 silly cache add   raw: '.',
7 silly cache add   scope: null,
7 silly cache add   name: null,
7 silly cache add   rawSpec: '.',
7 silly cache add   spec: '/home/victoria/projects/src/github.com/VictoriaGershova/brain-games',
7 silly cache add   type: 'directory' }
8 verbose addLocalDirectory /home/victoria/.npm/brain-games/1.0.0/package.tgz not in flight; packing
9 info lifecycle brain-games@1.0.0~prepublish: brain-games@1.0.0
10 silly lifecycle brain-games@1.0.0~prepublish: no script for prepublish, continuing
11 verbose tar pack [ '/home/victoria/.npm/brain-games/1.0.0/package.tgz',
11 verbose tar pack   '/home/victoria/projects/src/github.com/VictoriaGershova/brain-games' ]
12 verbose tarball /home/victoria/.npm/brain-games/1.0.0/package.tgz
13 verbose folder /home/victoria/projects/src/github.com/VictoriaGershova/brain-games
14 verbose addLocalTarball adding from inside cache /home/victoria/.npm/brain-games/1.0.0/package.tgz
15 silly cache afterAdd brain-games@1.0.0
16 verbose afterAdd /home/victoria/.npm/brain-games/1.0.0/package/package.json not in flight; writing
17 verbose afterAdd /home/victoria/.npm/brain-games/1.0.0/package/package.json written
18 silly publish { name: 'brain-games',
18 silly publish   version: '1.0.0',
18 silly publish   bin: { 'brain-games': 'dist/bin/brain-games.js' },
18 silly publish   description: '',
18 silly publish   main: 'index.js',
18 silly publish   files: [ 'dist' ],
18 silly publish   scripts:
18 silly publish    { test: 'echo "Error: no test specified" && exit 1',
18 silly publish      build: 'NODE_ENV=production babel src --out-dir dist --source-maps inline',
18 silly publish      prepublishOnly: 'npm run build' },
18 silly publish   repository:
18 silly publish    { type: 'git',
18 silly publish      url: 'git+https://github.com/VictoriaGershova/frontend-project-lvl1.git' },
18 silly publish   author:
18 silly publish    { name: 'Victoria Antonova',
18 silly publish      email: 'gershovavictoria@gmail.com' },
18 silly publish   license: 'ISC',
18 silly publish   bugs:
18 silly publish    { url: 'https://github.com/VictoriaGershova/frontend-project-lvl1/issues' },
18 silly publish   homepage: 'https://github.com/VictoriaGershova/frontend-project-lvl1#readme',
18 silly publish   devDependencies:
18 silly publish    { '@babel/cli': '^7.6.2',
18 silly publish      '@babel/core': '^7.6.2',
18 silly publish      '@babel/node': '^7.6.2',
18 silly publish      '@babel/preset-env': '^7.6.2' },
18 silly publish   gitHead: 'c4f4a5332d986eb5fd73ce3e4d582fc075b47dfe',
18 silly publish   readme: 'ERROR: No README data found!',
18 silly publish   _id: 'brain-games@1.0.0',
18 silly publish   _shasum: '63c8f2a9f5bf71346860cab84638b89220d21b77',
18 silly publish   _from: '.' }
19 verbose getPublishConfig undefined
20 silly mapToRegistry name brain-games
21 silly mapToRegistry using default registry
22 silly mapToRegistry registry https://registry.npmjs.org/
23 silly mapToRegistry uri https://registry.npmjs.org/brain-games
24 verbose publish registryBase https://registry.npmjs.org/
25 silly publish uploading /home/victoria/.npm/brain-games/1.0.0/package.tgz
26 verbose stack Error: auth required for publishing
26 verbose stack     at CachingRegistryClient.publish (/usr/share/npm/node_modules/npm-registry-client/lib/publish.js:30:14)
26 verbose stack     at /usr/share/npm/lib/publish.js:137:14
26 verbose stack     at mapToRegistry (/usr/share/npm/lib/utils/map-to-registry.js:55:3)
26 verbose stack     at publish_ (/usr/share/npm/lib/publish.js:106:3)
26 verbose stack     at Array.<anonymous> (/usr/share/npm/node_modules/slide/lib/bind-actor.js:15:8)
26 verbose stack     at LOOP (/usr/share/npm/node_modules/slide/lib/chain.js:15:14)
26 verbose stack     at LOOP (/usr/share/npm/node_modules/slide/lib/chain.js:14:28)
26 verbose stack     at chain (/usr/share/npm/node_modules/slide/lib/chain.js:20:5)
26 verbose stack     at /usr/share/npm/lib/publish.js:72:5
26 verbose stack     at RES (/usr/share/npm/node_modules/inflight/inflight.js:23:14)
27 verbose cwd /home/victoria/projects/src/github.com/VictoriaGershova/brain-games
28 error Linux 4.15.0-62-generic
29 error argv "/usr/bin/node" "/usr/bin/npm" "publish" "--dry-run"
30 error node v8.10.0
31 error npm  v3.5.2
32 error code ENEEDAUTH
33 error need auth auth required for publishing
34 error need auth You need to authorize this machine using `npm adduser`
35 verbose exit [ 1, true ]
